<?xml version="1.0" encoding="UTF-8"?>
<!-- Generated by org.testng.reporters.JUnitReportReporter -->
<testsuite skipped="0" hostname="Devesh" name="practice.seleniumall.AppTest" tests="1" failures="0" timestamp="2022-01-09T15:52:07 IST" time="0.021" errors="0">
  <testcase name="testApp" time="0.021" classname="practice.seleniumall.AppTest"/>
  <system-out/>
</testsuite> <!-- practice.seleniumall.AppTest -->
