<?xml version="1.0" encoding="UTF-8"?>
<!-- Generated by org.testng.reporters.JUnitReportReporter -->
<testsuite skipped="0" hostname="Devesh" name="cucumberOptions.TestRunner" tests="2" failures="0" timestamp="2022-01-09T23:06:38 IST" time="14.494" errors="0">
  <testcase name="runScenario" time="8.453" classname="cucumberOptions.TestRunner"/>
  <system-out/>
  <testcase name="runScenario" time="6.041" classname="cucumberOptions.TestRunner"/>
  <system-out/>
</testsuite> <!-- cucumberOptions.TestRunner -->
